This file contains any messages produced by compilers while
running configure, to aid debugging if configure makes a mistake.

It was created by nettle configure 3.10.2, which was
generated by GNU Autoconf 2.71.  Invocation command line was

  $ ./configure --libdir=/usr/local/lib --enable-static --disable-shared --disable-openssl --disable-mini-gmp -disable-gcov --disable-documentation

## --------- ##
## Platform. ##
## --------- ##

hostname = motherbase
uname -m = x86_64
uname -r = 6.1.105-antix.1-amd64-smp
uname -s = Linux
uname -v = #3 SMP PREEMPT_DYNAMIC Mon Aug 19 01:28:43 EEST 2024

/usr/bin/uname -p = unknown
/bin/uname -X     = unknown

/bin/arch              = x86_64
/usr/bin/arch -k       = unknown
/usr/convex/getsysinfo = unknown
/usr/bin/hostinfo      = unknown
/bin/machine           = unknown
/usr/bin/oslevel       = unknown
/bin/universe          = unknown

PATH: /usr/local/bin/
PATH: /usr/bin/
PATH: /bin/
PATH: /usr/local/games/
PATH: /usr/games/
PATH: /sbin/
PATH: /usr/sbin/


## ----------- ##
## Core tests. ##
## ----------- ##

configure:2982: looking for aux files: install-sh config.guess config.sub
configure:2995:  trying ././
configure:3006:   ././install-sh found
configure:3024:   ././config.guess found
configure:3024:   ././config.sub found
configure:3161: checking build system type
configure:3176: result: x86_64-pc-linux-gnu
configure:3196: checking host system type
configure:3210: result: x86_64-pc-linux-gnu
configure:3467: checking for -R flag
configure:3489: result: using -Wl,-rpath,
configure:3496: result: Searching for libraries
configure:3503: checking /usr/local/lib/lib
configure:3530: result: not found
configure:3503: checking /usr/local/lib
configure:3521: result: added
configure:3503: checking /sw/local/lib
configure:3530: result: not found
configure:3503: checking /sw/lib
configure:3530: result: not found
configure:3503: checking /usr/gnu/lib
configure:3530: result: not found
configure:3503: checking /opt/gnu/lib
configure:3530: result: not found
configure:3503: checking /sw/gnu/lib
configure:3530: result: not found
configure:3503: checking /usr/freeware/lib
configure:3530: result: not found
configure:3503: checking /usr/pkg/lib
configure:3530: result: not found
configure:3600: checking for gcc
configure:3621: found /usr/bin/gcc
configure:3632: result: gcc
configure:3985: checking for C compiler version
configure:3994: gcc --version >&5
gcc (Debian 12.2.0-14+deb12u1) 12.2.0
Copyright (C) 2022 Free Software Foundation, Inc.
This is free software; see the source for copying conditions.  There is NO
warranty; not even for MERCHANTABILITY or FITNESS FOR A PARTICULAR PURPOSE.

configure:4005: $? = 0
configure:3994: gcc -v >&5
Using built-in specs.
COLLECT_GCC=gcc
COLLECT_LTO_WRAPPER=/usr/lib/gcc/x86_64-linux-gnu/12/lto-wrapper
OFFLOAD_TARGET_NAMES=nvptx-none:amdgcn-amdhsa
OFFLOAD_TARGET_DEFAULT=1
Target: x86_64-linux-gnu
Configured with: ../src/configure -v --with-pkgversion='Debian 12.2.0-14+deb12u1' --with-bugurl=file:///usr/share/doc/gcc-12/README.Bugs --enable-languages=c,ada,c++,go,d,fortran,objc,obj-c++,m2 --prefix=/usr --with-gcc-major-version-only --program-suffix=-12 --program-prefix=x86_64-linux-gnu- --enable-shared --enable-linker-build-id --libexecdir=/usr/lib --without-included-gettext --enable-threads=posix --libdir=/usr/lib --enable-nls --enable-clocale=gnu --enable-libstdcxx-debug --enable-libstdcxx-time=yes --with-default-libstdcxx-abi=new --enable-gnu-unique-object --disable-vtable-verify --enable-plugin --enable-default-pie --with-system-zlib --enable-libphobos-checking=release --with-target-system-zlib=auto --enable-objc-gc=auto --enable-multiarch --disable-werror --enable-cet --with-arch-32=i686 --with-abi=m64 --with-multilib-list=m32,m64,mx32 --enable-multilib --with-tune=generic --enable-offload-targets=nvptx-none=/build/reproducible-path/gcc-12-12.2.0/debian/tmp-nvptx/usr,amdgcn-amdhsa=/build/reproducible-path/gcc-12-12.2.0/debian/tmp-gcn/usr --enable-offload-defaulted --without-cuda-driver --enable-checking=release --build=x86_64-linux-gnu --host=x86_64-linux-gnu --target=x86_64-linux-gnu
Thread model: posix
Supported LTO compression algorithms: zlib zstd
gcc version 12.2.0 (Debian 12.2.0-14+deb12u1) 
... rest of stderr output deleted ...
configure:4005: $? = 0
configure:3994: gcc -V >&5
gcc: error: unrecognized command-line option '-V'
gcc: fatal error: no input files
compilation terminated.
configure:4005: $? = 1
configure:3994: gcc -qversion >&5
gcc: error: unrecognized command-line option '-qversion'; did you mean '--version'?
gcc: fatal error: no input files
compilation terminated.
configure:4005: $? = 1
configure:3994: gcc -version >&5
gcc: error: unrecognized command-line option '-version'
gcc: fatal error: no input files
compilation terminated.
configure:4005: $? = 1
configure:4025: checking whether the C compiler works
configure:4047: gcc    conftest.c  >&5
configure:4051: $? = 0
configure:4101: result: yes
configure:4104: checking for C compiler default output file name
configure:4106: result: a.out
configure:4112: checking for suffix of executables
configure:4119: gcc -o conftest    conftest.c  >&5
configure:4123: $? = 0
configure:4146: result: 
configure:4168: checking whether we are cross compiling
configure:4176: gcc -o conftest    conftest.c  >&5
configure:4180: $? = 0
configure:4187: ./conftest
configure:4191: $? = 0
configure:4206: result: no
configure:4211: checking for suffix of object files
configure:4234: gcc -c   conftest.c >&5
configure:4238: $? = 0
configure:4260: result: o
configure:4264: checking whether the compiler supports GNU C
configure:4284: gcc -c   conftest.c >&5
configure:4284: $? = 0
configure:4294: result: yes
configure:4305: checking whether gcc accepts -g
configure:4326: gcc -c -g  conftest.c >&5
configure:4326: $? = 0
configure:4370: result: yes
configure:4390: checking for gcc option to enable C11 features
configure:4405: gcc  -c -g -O2  conftest.c >&5
configure:4405: $? = 0
configure:4423: result: none needed
configure:4536: checking for ifunc support
configure:4572: gcc -o conftest -g -O2   conftest.c  >&5
conftest.c:19:1: warning: 'ifunc' resolver for 'foo' should return 'int (*)(int)' [-Wattribute-alias=]
   19 | foo_resolv(void)
      | ^~~~~~~~~~
conftest.c:24:5: note: resolver indirect function declared here
   24 | int foo (int x) __attribute__ ((ifunc("foo_resolv")));
      |     ^~~
configure:4572: $? = 0
configure:4581: result: yes
configure:4660: checking for g++
configure:4681: found /usr/bin/g++
configure:4692: result: g++
configure:4719: checking for C++ compiler version
configure:4728: g++ --version >&5
g++ (Debian 12.2.0-14+deb12u1) 12.2.0
Copyright (C) 2022 Free Software Foundation, Inc.
This is free software; see the source for copying conditions.  There is NO
warranty; not even for MERCHANTABILITY or FITNESS FOR A PARTICULAR PURPOSE.

configure:4739: $? = 0
configure:4728: g++ -v >&5
Using built-in specs.
COLLECT_GCC=g++
COLLECT_LTO_WRAPPER=/usr/lib/gcc/x86_64-linux-gnu/12/lto-wrapper
OFFLOAD_TARGET_NAMES=nvptx-none:amdgcn-amdhsa
OFFLOAD_TARGET_DEFAULT=1
Target: x86_64-linux-gnu
Configured with: ../src/configure -v --with-pkgversion='Debian 12.2.0-14+deb12u1' --with-bugurl=file:///usr/share/doc/gcc-12/README.Bugs --enable-languages=c,ada,c++,go,d,fortran,objc,obj-c++,m2 --prefix=/usr --with-gcc-major-version-only --program-suffix=-12 --program-prefix=x86_64-linux-gnu- --enable-shared --enable-linker-build-id --libexecdir=/usr/lib --without-included-gettext --enable-threads=posix --libdir=/usr/lib --enable-nls --enable-clocale=gnu --enable-libstdcxx-debug --enable-libstdcxx-time=yes --with-default-libstdcxx-abi=new --enable-gnu-unique-object --disable-vtable-verify --enable-plugin --enable-default-pie --with-system-zlib --enable-libphobos-checking=release --with-target-system-zlib=auto --enable-objc-gc=auto --enable-multiarch --disable-werror --enable-cet --with-arch-32=i686 --with-abi=m64 --with-multilib-list=m32,m64,mx32 --enable-multilib --with-tune=generic --enable-offload-targets=nvptx-none=/build/reproducible-path/gcc-12-12.2.0/debian/tmp-nvptx/usr,amdgcn-amdhsa=/build/reproducible-path/gcc-12-12.2.0/debian/tmp-gcn/usr --enable-offload-defaulted --without-cuda-driver --enable-checking=release --build=x86_64-linux-gnu --host=x86_64-linux-gnu --target=x86_64-linux-gnu
Thread model: posix
Supported LTO compression algorithms: zlib zstd
gcc version 12.2.0 (Debian 12.2.0-14+deb12u1) 
... rest of stderr output deleted ...
configure:4739: $? = 0
configure:4728: g++ -V >&5
g++: error: unrecognized command-line option '-V'
g++: fatal error: no input files
compilation terminated.
configure:4739: $? = 1
configure:4728: g++ -qversion >&5
g++: error: unrecognized command-line option '-qversion'; did you mean '--version'?
g++: fatal error: no input files
compilation terminated.
configure:4739: $? = 1
configure:4743: checking whether the compiler supports GNU C++
configure:4763: g++ -c   conftest.cpp >&5
configure:4763: $? = 0
configure:4773: result: yes
configure:4784: checking whether g++ accepts -g
configure:4805: g++ -c -g  conftest.cpp >&5
configure:4805: $? = 0
configure:4849: result: yes
configure:4869: checking for g++ option to enable C++11 features
configure:4884: g++  -c -g -O2  conftest.cpp >&5
conftest.cpp: In function 'int main(int, char**)':
conftest.cpp:176:25: warning: empty parentheses were disambiguated as a function declaration [-Wvexing-parse]
  176 |   cxx11test::delegate d2();
      |                         ^~
conftest.cpp:176:25: note: remove parentheses to default-initialize a variable
  176 |   cxx11test::delegate d2();
      |                         ^~
      |                         --
conftest.cpp:176:25: note: or replace parentheses with braces to value-initialize a variable
configure:4884: $? = 0
configure:4902: result: none needed
configure:4985: g++ -c -g -O2  conftest.cpp >&5
configure:4985: $? = 0
configure:5008: checking if LD -Wl,--version-script works
configure:5026: gcc -o conftest -g -O2   -Wl,--version-script=conftest.map conftest.c  >&5
/usr/bin/ld:conftest.map:0: syntax error in VERSION script
collect2: error: ld returned 1 exit status
configure:5026: $? = 1
configure: failed program was:
| /* confdefs.h */
| #define PACKAGE_NAME "nettle"
| #define PACKAGE_TARNAME "nettle"
| #define PACKAGE_VERSION "3.10.2"
| #define PACKAGE_STRING "nettle 3.10.2"
| #define PACKAGE_BUGREPORT "nettle-bugs@lists.lysator.liu.se"
| #define PACKAGE_URL ""
| #define HAVE_LINK_IFUNC 1
| /* end confdefs.h.  */
| 
| int
| main (void)
| {
| 
|   ;
|   return 0;
| }
configure:5055: gcc -o conftest -g -O2   -Wl,--version-script=conftest.map conftest.c  >&5
configure:5055: $? = 0
configure:5068: result: yes
configure:5079: checking whether make sets $(MAKE)
configure:5102: result: yes
configure:5159: checking for ranlib
configure:5180: found /usr/bin/ranlib
configure:5191: result: ranlib
configure:5261: checking for nm
configure:5282: found /usr/bin/nm
configure:5293: result: nm
configure:5364: checking for objdump
configure:5385: found /usr/bin/objdump
configure:5396: result: objdump
configure:5466: checking for ar
configure:5487: found /usr/bin/ar
configure:5498: result: ar
configure:5536: checking for a BSD-compatible install
configure:5609: result: /usr/bin/install -c
configure:5624: checking for a race-free mkdir -p
configure:5668: result: /usr/bin/mkdir -p
configure:5672: checking whether ln -s works
configure:5676: result: yes
configure:5801: checking for build system executable suffix
configure:5837: result: 
configure:5844: checking if valgrind is working
configure:5861: gcc -o conftest -g -O2   conftest.c  >&5
configure:5861: $? = 0
./configure: line 5871: valgrind: command not found
configure:5882: result: no
configure:5932: checking for an ANSI C-conforming const
configure:5999: gcc -c -g -O2  conftest.c >&5
configure:5999: $? = 0
configure:6007: result: yes
configure:6015: checking for inline
configure:6032: gcc -c -g -O2  conftest.c >&5
configure:6032: $? = 0
configure:6041: result: inline
configure:6064: checking how to run the C preprocessor
configure:6090: gcc -E  conftest.c
configure:6090: $? = 0
configure:6105: gcc -E  conftest.c
conftest.c:10:10: fatal error: ac_nonexistent.h: No such file or directory
   10 | #include <ac_nonexistent.h>
      |          ^~~~~~~~~~~~~~~~~~
compilation terminated.
configure:6105: $? = 1
configure: failed program was:
| /* confdefs.h */
| #define PACKAGE_NAME "nettle"
| #define PACKAGE_TARNAME "nettle"
| #define PACKAGE_VERSION "3.10.2"
| #define PACKAGE_STRING "nettle 3.10.2"
| #define PACKAGE_BUGREPORT "nettle-bugs@lists.lysator.liu.se"
| #define PACKAGE_URL ""
| #define HAVE_LINK_IFUNC 1
| /* end confdefs.h.  */
| #include <ac_nonexistent.h>
configure:6132: result: gcc -E
configure:6146: gcc -E  conftest.c
configure:6146: $? = 0
configure:6161: gcc -E  conftest.c
conftest.c:10:10: fatal error: ac_nonexistent.h: No such file or directory
   10 | #include <ac_nonexistent.h>
      |          ^~~~~~~~~~~~~~~~~~
compilation terminated.
configure:6161: $? = 1
configure: failed program was:
| /* confdefs.h */
| #define PACKAGE_NAME "nettle"
| #define PACKAGE_TARNAME "nettle"
| #define PACKAGE_VERSION "3.10.2"
| #define PACKAGE_STRING "nettle 3.10.2"
| #define PACKAGE_BUGREPORT "nettle-bugs@lists.lysator.liu.se"
| #define PACKAGE_URL ""
| #define HAVE_LINK_IFUNC 1
| /* end confdefs.h.  */
| #include <ac_nonexistent.h>
configure:6192: checking for grep that handles long lines and -e
configure:6256: result: /usr/bin/grep
configure:6261: checking for egrep
configure:6329: result: /usr/bin/grep -E
configure:6334: checking for uid_t in sys/types.h
configure:6355: result: yes
configure:6370: checking for stdio.h
configure:6370: gcc -c -g -O2  conftest.c >&5
configure:6370: $? = 0
configure:6370: result: yes
configure:6370: checking for stdlib.h
configure:6370: gcc -c -g -O2  conftest.c >&5
configure:6370: $? = 0
configure:6370: result: yes
configure:6370: checking for string.h
configure:6370: gcc -c -g -O2  conftest.c >&5
configure:6370: $? = 0
configure:6370: result: yes
configure:6370: checking for inttypes.h
configure:6370: gcc -c -g -O2  conftest.c >&5
configure:6370: $? = 0
configure:6370: result: yes
configure:6370: checking for stdint.h
configure:6370: gcc -c -g -O2  conftest.c >&5
configure:6370: $? = 0
configure:6370: result: yes
configure:6370: checking for strings.h
configure:6370: gcc -c -g -O2  conftest.c >&5
configure:6370: $? = 0
configure:6370: result: yes
configure:6370: checking for sys/stat.h
configure:6370: gcc -c -g -O2  conftest.c >&5
configure:6370: $? = 0
configure:6370: result: yes
configure:6370: checking for sys/types.h
configure:6370: gcc -c -g -O2  conftest.c >&5
configure:6370: $? = 0
configure:6370: result: yes
configure:6370: checking for unistd.h
configure:6370: gcc -c -g -O2  conftest.c >&5
configure:6370: $? = 0
configure:6370: result: yes
configure:6395: checking for size_t
configure:6395: gcc -c -g -O2  conftest.c >&5
configure:6395: $? = 0
configure:6395: gcc -c -g -O2  conftest.c >&5
conftest.c: In function 'main':
conftest.c:51:21: error: expected expression before ')' token
   51 | if (sizeof ((size_t)))
      |                     ^
configure:6395: $? = 1
configure: failed program was:
| /* confdefs.h */
| #define PACKAGE_NAME "nettle"
| #define PACKAGE_TARNAME "nettle"
| #define PACKAGE_VERSION "3.10.2"
| #define PACKAGE_STRING "nettle 3.10.2"
| #define PACKAGE_BUGREPORT "nettle-bugs@lists.lysator.liu.se"
| #define PACKAGE_URL ""
| #define HAVE_LINK_IFUNC 1
| #define HAVE_STDIO_H 1
| #define HAVE_STDLIB_H 1
| #define HAVE_STRING_H 1
| #define HAVE_INTTYPES_H 1
| #define HAVE_STDINT_H 1
| #define HAVE_STRINGS_H 1
| #define HAVE_SYS_STAT_H 1
| #define HAVE_SYS_TYPES_H 1
| #define HAVE_UNISTD_H 1
| #define STDC_HEADERS 1
| /* end confdefs.h.  */
| #include <stddef.h>
| #ifdef HAVE_STDIO_H
| # include <stdio.h>
| #endif
| #ifdef HAVE_STDLIB_H
| # include <stdlib.h>
| #endif
| #ifdef HAVE_STRING_H
| # include <string.h>
| #endif
| #ifdef HAVE_INTTYPES_H
| # include <inttypes.h>
| #endif
| #ifdef HAVE_STDINT_H
| # include <stdint.h>
| #endif
| #ifdef HAVE_STRINGS_H
| # include <strings.h>
| #endif
| #ifdef HAVE_SYS_TYPES_H
| # include <sys/types.h>
| #endif
| #ifdef HAVE_SYS_STAT_H
| # include <sys/stat.h>
| #endif
| #ifdef HAVE_UNISTD_H
| # include <unistd.h>
| #endif
| int
| main (void)
| {
| if (sizeof ((size_t)))
| 	    return 0;
|   ;
|   return 0;
| }
configure:6395: result: yes
configure:6409: checking size of long
configure:6415: gcc -o conftest -g -O2   conftest.c  >&5
configure:6415: $? = 0
configure:6415: ./conftest
configure:6415: $? = 0
configure:6430: result: 8
configure:6442: checking size of size_t
configure:6448: gcc -o conftest -g -O2   conftest.c  >&5
configure:6448: $? = 0
configure:6448: ./conftest
configure:6448: $? = 0
configure:6463: result: 8
configure:6475: checking for openssl/evp.h
configure:6475: gcc -c -g -O2  conftest.c >&5
conftest.c:50:10: fatal error: openssl/evp.h: No such file or directory
   50 | #include <openssl/evp.h>
      |          ^~~~~~~~~~~~~~~
compilation terminated.
configure:6475: $? = 1
configure: failed program was:
| /* confdefs.h */
| #define PACKAGE_NAME "nettle"
| #define PACKAGE_TARNAME "nettle"
| #define PACKAGE_VERSION "3.10.2"
| #define PACKAGE_STRING "nettle 3.10.2"
| #define PACKAGE_BUGREPORT "nettle-bugs@lists.lysator.liu.se"
| #define PACKAGE_URL ""
| #define HAVE_LINK_IFUNC 1
| #define HAVE_STDIO_H 1
| #define HAVE_STDLIB_H 1
| #define HAVE_STRING_H 1
| #define HAVE_INTTYPES_H 1
| #define HAVE_STDINT_H 1
| #define HAVE_STRINGS_H 1
| #define HAVE_SYS_STAT_H 1
| #define HAVE_SYS_TYPES_H 1
| #define HAVE_UNISTD_H 1
| #define STDC_HEADERS 1
| #define SIZEOF_LONG 8
| #define SIZEOF_SIZE_T 8
| /* end confdefs.h.  */
| #include <stddef.h>
| #ifdef HAVE_STDIO_H
| # include <stdio.h>
| #endif
| #ifdef HAVE_STDLIB_H
| # include <stdlib.h>
| #endif
| #ifdef HAVE_STRING_H
| # include <string.h>
| #endif
| #ifdef HAVE_INTTYPES_H
| # include <inttypes.h>
| #endif
| #ifdef HAVE_STDINT_H
| # include <stdint.h>
| #endif
| #ifdef HAVE_STRINGS_H
| # include <strings.h>
| #endif
| #ifdef HAVE_SYS_TYPES_H
| # include <sys/types.h>
| #endif
| #ifdef HAVE_SYS_STAT_H
| # include <sys/stat.h>
| #endif
| #ifdef HAVE_UNISTD_H
| # include <unistd.h>
| #endif
| #include <openssl/evp.h>
configure:6475: result: no
configure:6490: checking for valgrind/memcheck.h
configure:6490: gcc -c -g -O2  conftest.c >&5
conftest.c:50:10: fatal error: valgrind/memcheck.h: No such file or directory
   50 | #include <valgrind/memcheck.h>
      |          ^~~~~~~~~~~~~~~~~~~~~
compilation terminated.
configure:6490: $? = 1
configure: failed program was:
| /* confdefs.h */
| #define PACKAGE_NAME "nettle"
| #define PACKAGE_TARNAME "nettle"
| #define PACKAGE_VERSION "3.10.2"
| #define PACKAGE_STRING "nettle 3.10.2"
| #define PACKAGE_BUGREPORT "nettle-bugs@lists.lysator.liu.se"
| #define PACKAGE_URL ""
| #define HAVE_LINK_IFUNC 1
| #define HAVE_STDIO_H 1
| #define HAVE_STDLIB_H 1
| #define HAVE_STRING_H 1
| #define HAVE_INTTYPES_H 1
| #define HAVE_STDINT_H 1
| #define HAVE_STRINGS_H 1
| #define HAVE_SYS_STAT_H 1
| #define HAVE_SYS_TYPES_H 1
| #define HAVE_UNISTD_H 1
| #define STDC_HEADERS 1
| #define SIZEOF_LONG 8
| #define SIZEOF_SIZE_T 8
| /* end confdefs.h.  */
| #include <stddef.h>
| #ifdef HAVE_STDIO_H
| # include <stdio.h>
| #endif
| #ifdef HAVE_STDLIB_H
| # include <stdlib.h>
| #endif
| #ifdef HAVE_STRING_H
| # include <string.h>
| #endif
| #ifdef HAVE_INTTYPES_H
| # include <inttypes.h>
| #endif
| #ifdef HAVE_STDINT_H
| # include <stdint.h>
| #endif
| #ifdef HAVE_STRINGS_H
| # include <strings.h>
| #endif
| #ifdef HAVE_SYS_TYPES_H
| # include <sys/types.h>
| #endif
| #ifdef HAVE_SYS_STAT_H
| # include <sys/stat.h>
| #endif
| #ifdef HAVE_UNISTD_H
| # include <unistd.h>
| #endif
| #include <valgrind/memcheck.h>
configure:6490: result: no
configure:6497: checking for dlfcn.h
configure:6497: gcc -c -g -O2  conftest.c >&5
configure:6497: $? = 0
configure:6497: result: yes
configure:6504: checking for dlopen in -ldl
configure:6527: gcc -o conftest -g -O2   conftest.c -ldl   >&5
configure:6527: $? = 0
configure:6537: result: yes
configure:6549: checking for working alloca.h
configure:6567: gcc -o conftest -g -O2   conftest.c  >&5
configure:6567: $? = 0
configure:6576: result: yes
configure:6584: checking for alloca
configure:6629: result: yes
configure:6696: checking for malloc.h
configure:6696: gcc -c -g -O2  conftest.c >&5
configure:6696: $? = 0
configure:6696: result: yes
configure:6707: checking for secure_getenv
configure:6707: gcc -o conftest -g -O2   conftest.c  >&5
configure:6707: $? = 0
configure:6707: result: yes
configure:6713: checking for getline
configure:6713: gcc -o conftest -g -O2   conftest.c  >&5
configure:6713: $? = 0
configure:6713: result: yes
configure:6719: checking for elf_aux_info
configure:6719: gcc -o conftest -g -O2   conftest.c  >&5
/usr/bin/ld: /tmp/ccA0jjxo.o: in function `main':
/home/otacon424/Documents/scripts/pi-hole/libnettle/nettle-3.10.2/conftest.c:56: undefined reference to `elf_aux_info'
collect2: error: ld returned 1 exit status
configure:6719: $? = 1
configure: failed program was:
| /* confdefs.h */
| #define PACKAGE_NAME "nettle"
| #define PACKAGE_TARNAME "nettle"
| #define PACKAGE_VERSION "3.10.2"
| #define PACKAGE_STRING "nettle 3.10.2"
| #define PACKAGE_BUGREPORT "nettle-bugs@lists.lysator.liu.se"
| #define PACKAGE_URL ""
| #define HAVE_LINK_IFUNC 1
| #define HAVE_STDIO_H 1
| #define HAVE_STDLIB_H 1
| #define HAVE_STRING_H 1
| #define HAVE_INTTYPES_H 1
| #define HAVE_STDINT_H 1
| #define HAVE_STRINGS_H 1
| #define HAVE_SYS_STAT_H 1
| #define HAVE_SYS_TYPES_H 1
| #define HAVE_UNISTD_H 1
| #define STDC_HEADERS 1
| #define SIZEOF_LONG 8
| #define SIZEOF_SIZE_T 8
| #define HAVE_DLFCN_H 1
| #define HAVE_LIBDL 1
| #define HAVE_ALLOCA_H 1
| #define HAVE_ALLOCA 1
| #define HAVE_MALLOC_H 1
| #define HAVE_SECURE_GETENV 1
| #define HAVE_GETLINE 1
| /* end confdefs.h.  */
| /* Define elf_aux_info to an innocuous variant, in case <limits.h> declares elf_aux_info.
|    For example, HP-UX 11i <limits.h> declares gettimeofday.  */
| #define elf_aux_info innocuous_elf_aux_info
| 
| /* System header to define __stub macros and hopefully few prototypes,
|    which can conflict with char elf_aux_info (); below.  */
| 
| #include <limits.h>
| #undef elf_aux_info
| 
| /* Override any GCC internal prototype to avoid an error.
|    Use char because int might match the return type of a GCC
|    builtin and then its argument prototype would still apply.  */
| #ifdef __cplusplus
| extern "C"
| #endif
| char elf_aux_info ();
| /* The GNU C library defines this for functions which it implements
|     to always fail with ENOSYS.  Some functions are actually named
|     something starting with __ and the normal name is an alias.  */
| #if defined __stub_elf_aux_info || defined __stub___elf_aux_info
| choke me
| #endif
| 
| int
| main (void)
| {
| return elf_aux_info ();
|   ;
|   return 0;
| }
configure:6719: result: no
configure:6728: checking whether byte ordering is bigendian
configure:6744: gcc -c -g -O2  conftest.c >&5
conftest.c:30:16: error: unknown type name 'not'
   30 |                not a universal capable compiler
      |                ^~~
conftest.c:30:22: error: expected '=', ',', ';', 'asm' or '__attribute__' before 'universal'
   30 |                not a universal capable compiler
      |                      ^~~~~~~~~
conftest.c:30:22: error: unknown type name 'universal'
configure:6744: $? = 1
configure: failed program was:
| /* confdefs.h */
| #define PACKAGE_NAME "nettle"
| #define PACKAGE_TARNAME "nettle"
| #define PACKAGE_VERSION "3.10.2"
| #define PACKAGE_STRING "nettle 3.10.2"
| #define PACKAGE_BUGREPORT "nettle-bugs@lists.lysator.liu.se"
| #define PACKAGE_URL ""
| #define HAVE_LINK_IFUNC 1
| #define HAVE_STDIO_H 1
| #define HAVE_STDLIB_H 1
| #define HAVE_STRING_H 1
| #define HAVE_INTTYPES_H 1
| #define HAVE_STDINT_H 1
| #define HAVE_STRINGS_H 1
| #define HAVE_SYS_STAT_H 1
| #define HAVE_SYS_TYPES_H 1
| #define HAVE_UNISTD_H 1
| #define STDC_HEADERS 1
| #define SIZEOF_LONG 8
| #define SIZEOF_SIZE_T 8
| #define HAVE_DLFCN_H 1
| #define HAVE_LIBDL 1
| #define HAVE_ALLOCA_H 1
| #define HAVE_ALLOCA 1
| #define HAVE_MALLOC_H 1
| #define HAVE_SECURE_GETENV 1
| #define HAVE_GETLINE 1
| /* end confdefs.h.  */
| #ifndef __APPLE_CC__
| 	       not a universal capable compiler
| 	     #endif
| 	     typedef int dummy;
| 
configure:6790: gcc -c -g -O2  conftest.c >&5
configure:6790: $? = 0
configure:6809: gcc -c -g -O2  conftest.c >&5
conftest.c: In function 'main':
conftest.c:36:18: error: unknown type name 'not'; did you mean 'ino_t'?
   36 |                  not big endian
      |                  ^~~
      |                  ino_t
conftest.c:36:26: error: expected '=', ',', ';', 'asm' or '__attribute__' before 'endian'
   36 |                  not big endian
      |                          ^~~~~~
configure:6809: $? = 1
configure: failed program was:
| /* confdefs.h */
| #define PACKAGE_NAME "nettle"
| #define PACKAGE_TARNAME "nettle"
| #define PACKAGE_VERSION "3.10.2"
| #define PACKAGE_STRING "nettle 3.10.2"
| #define PACKAGE_BUGREPORT "nettle-bugs@lists.lysator.liu.se"
| #define PACKAGE_URL ""
| #define HAVE_LINK_IFUNC 1
| #define HAVE_STDIO_H 1
| #define HAVE_STDLIB_H 1
| #define HAVE_STRING_H 1
| #define HAVE_INTTYPES_H 1
| #define HAVE_STDINT_H 1
| #define HAVE_STRINGS_H 1
| #define HAVE_SYS_STAT_H 1
| #define HAVE_SYS_TYPES_H 1
| #define HAVE_UNISTD_H 1
| #define STDC_HEADERS 1
| #define SIZEOF_LONG 8
| #define SIZEOF_SIZE_T 8
| #define HAVE_DLFCN_H 1
| #define HAVE_LIBDL 1
| #define HAVE_ALLOCA_H 1
| #define HAVE_ALLOCA 1
| #define HAVE_MALLOC_H 1
| #define HAVE_SECURE_GETENV 1
| #define HAVE_GETLINE 1
| /* end confdefs.h.  */
| #include <sys/types.h>
| 		#include <sys/param.h>
| 
| int
| main (void)
| {
| #if BYTE_ORDER != BIG_ENDIAN
| 		 not big endian
| 		#endif
| 
|   ;
|   return 0;
| }
configure:6943: result: no
configure:6963: checking for __builtin_bswap64
configure:6985: gcc -o conftest -g -O2   conftest.c  >&5
configure:6985: $? = 0
configure:6994: result: yes
configure:7003: checking for __attribute__
configure:7030: gcc -c -g -O2  conftest.c >&5
configure:7030: $? = 0
configure:7038: result: yes
configure:7051: checking for fcntl file locking
configure:7079: gcc -c -g -O2  conftest.c >&5
configure:7079: $? = 0
configure:7087: result: yes
configure:7100: checking for __gmpn_zero_p in -lgmp
configure:7123: gcc -o conftest -g -O2   conftest.c -lgmp   >&5
configure:7123: $? = 0
configure:7133: result: yes
configure:7161: gcc -o conftest -g -O2   conftest.c -lgmp  >&5
configure:7161: $? = 0
configure:7161: ./conftest
configure:7161: $? = 0
configure:7239: checking for GMP limb size
configure:7241: gcc -o conftest -g -O2   conftest.c -lgmp  >&5
configure:7241: $? = 0
configure:7241: ./conftest
configure:7241: $? = 0
configure:7252: result: 64 bits
configure:7292: gcc -c -g -O2  conftest.c >&5
conftest.c:35:2: error: #error 64-bit x86
   35 | #error 64-bit x86
      |  ^~~~~
configure:7292: $? = 1
configure: failed program was:
| /* confdefs.h */
| #define PACKAGE_NAME "nettle"
| #define PACKAGE_TARNAME "nettle"
| #define PACKAGE_VERSION "3.10.2"
| #define PACKAGE_STRING "nettle 3.10.2"
| #define PACKAGE_BUGREPORT "nettle-bugs@lists.lysator.liu.se"
| #define PACKAGE_URL ""
| #define HAVE_LINK_IFUNC 1
| #define HAVE_STDIO_H 1
| #define HAVE_STDLIB_H 1
| #define HAVE_STRING_H 1
| #define HAVE_INTTYPES_H 1
| #define HAVE_STDINT_H 1
| #define HAVE_STRINGS_H 1
| #define HAVE_SYS_STAT_H 1
| #define HAVE_SYS_TYPES_H 1
| #define HAVE_UNISTD_H 1
| #define STDC_HEADERS 1
| #define SIZEOF_LONG 8
| #define SIZEOF_SIZE_T 8
| #define HAVE_DLFCN_H 1
| #define HAVE_LIBDL 1
| #define HAVE_ALLOCA_H 1
| #define HAVE_ALLOCA 1
| #define HAVE_MALLOC_H 1
| #define HAVE_SECURE_GETENV 1
| #define HAVE_GETLINE 1
| #define HAVE_BUILTIN_BSWAP64 1
| #define HAVE_GCC_ATTRIBUTE 1
| #define HAVE_FCNTL_LOCKING 1
| #define HAVE_LIBGMP 1
| /* end confdefs.h.  */
| 
| #if defined(__x86_64__) || defined(__arch64__)
| #error 64-bit x86
| #endif
| 
| int
| main (void)
| {
| 
|   ;
|   return 0;
| }
configure:7499: Compiler uses 64-bit ABI. To change, set CC.
configure:7831: Looking for assembler files in x86_64/fat x86_64.
configure:7920: checking CCPIC
configure:7966: gcc -c -g -O2 -fpic  conftest.c >&5
configure:7966: $? = 0
configure:7978: result: -fpic
configure:8099: checking if globals are prefixed by underscore
configure:8111: gcc -c -g -O2  conftest.c >&5
configure:8111: $? = 0
configure:8128: result: no
configure:8134: checking for ELF-style .type,%function pseudo-ops
configure:8152: gcc -g -O2   -c conftest.s >conftest.out 2>&1
configure:8155: $? = 0
configure:8168: result: yes
configure:8171: checking for ELF-style .type,#function pseudo-ops
configure:8189: gcc -g -O2   -c conftest.s >conftest.out 2>&1
configure:8192: $? = 1
conftest.s: Assembler messages:
conftest.s:4: Error: unrecognized symbol type ""
configure: failed program was:

.text
.globl foo
.type foo,#function
foo:
.Lend:

.size foo, .Lend - foo

configure:8205: result: no
configure:8220: checking for COFF-style .type directive
configure:8238: gcc -g -O2   -c conftest.s >conftest.out 2>&1
configure:8241: $? = 1
conftest.s: Assembler messages:
conftest.s:4: Error: unknown pseudo-op: `.def'
conftest.s:5: Error: unknown pseudo-op: `.scl'
conftest.s:6: Error: Missing symbol name in directive
conftest.s:6: Error: unrecognized symbol type "32"
conftest.s:7: Error: unknown pseudo-op: `.endef'
configure: failed program was:

.text
.globl _foo
.def _foo
.scl 2
.type 32
.endef
_foo:

configure:8254: result: no
configure:8260: checking if we should use a .note.GNU-stack section
configure:8273: gcc -g -O2  -c conftest.c >conftest.out 2>&1
configure:8276: $? = 0
configure:8288: result: yes
configure:8294: checking if .align assembly directive is logarithmic
configure:8306: gcc -g -O2   -c conftest.s >conftest.out 2>&1
configure:8309: $? = 1
conftest.s: Assembler messages:
conftest.s:2: Error: alignment not a power of 2
configure: failed program was:

.align 3

configure:8322: result: no
configure:8327: checking if Intel CET is enabled
configure:8348: gcc -c -g -O2  conftest.c >&5
conftest.c:59:2: error: #error Intel CET is not enabled
   59 | #error Intel CET is not enabled
      |  ^~~~~
configure:8348: $? = 1
configure: failed program was:
| /* confdefs.h */
| #define PACKAGE_NAME "nettle"
| #define PACKAGE_TARNAME "nettle"
| #define PACKAGE_VERSION "3.10.2"
| #define PACKAGE_STRING "nettle 3.10.2"
| #define PACKAGE_BUGREPORT "nettle-bugs@lists.lysator.liu.se"
| #define PACKAGE_URL ""
| #define HAVE_LINK_IFUNC 1
| #define HAVE_STDIO_H 1
| #define HAVE_STDLIB_H 1
| #define HAVE_STRING_H 1
| #define HAVE_INTTYPES_H 1
| #define HAVE_STDINT_H 1
| #define HAVE_STRINGS_H 1
| #define HAVE_SYS_STAT_H 1
| #define HAVE_SYS_TYPES_H 1
| #define HAVE_UNISTD_H 1
| #define STDC_HEADERS 1
| #define SIZEOF_LONG 8
| #define SIZEOF_SIZE_T 8
| #define HAVE_DLFCN_H 1
| #define HAVE_LIBDL 1
| #define HAVE_ALLOCA_H 1
| #define HAVE_ALLOCA 1
| #define HAVE_MALLOC_H 1
| #define HAVE_SECURE_GETENV 1
| #define HAVE_GETLINE 1
| #define HAVE_BUILTIN_BSWAP64 1
| #define HAVE_GCC_ATTRIBUTE 1
| #define HAVE_FCNTL_LOCKING 1
| #define HAVE_LIBGMP 1
| #define HAVE_NATIVE_cpuid 1
| #define HAVE_NATIVE_ 1
| #define HAVE_NATIVE_aes128_encrypt 1
| #define HAVE_NATIVE_aes128_decrypt 1
| #define HAVE_NATIVE_aes192_encrypt 1
| #define HAVE_NATIVE_aes192_decrypt 1
| #define HAVE_NATIVE_aes256_encrypt 1
| #define HAVE_NATIVE_aes256_decrypt 1
| #define HAVE_NATIVE_cbc_aes128_encrypt 1
| #define HAVE_NATIVE_cbc_aes192_encrypt 1
| #define HAVE_NATIVE_cbc_aes256_encrypt 1
| #define HAVE_NATIVE_poly1305_blocks 1
| #define HAVE_NATIVE_ghash_set_key 1
| #define HAVE_NATIVE_ghash_update 1
| #define HAVE_NATIVE_salsa20_2core 1
| #define HAVE_NATIVE_ 1
| #define HAVE_NATIVE_ 1
| #define HAVE_NATIVE_ecc_secp192r1_modp 1
| #define HAVE_NATIVE_ecc_secp224r1_modp 1
| #define HAVE_NATIVE_ecc_secp256r1_redc 1
| #define HAVE_NATIVE_ecc_secp384r1_modp 1
| #define HAVE_NATIVE_ecc_secp521r1_modp 1
| #define HAVE_NATIVE_ecc_curve25519_modp 1
| #define HAVE_NATIVE_ecc_curve448_modp 1
| /* end confdefs.h.  */
| 
| #ifndef __CET__
| #error Intel CET is not enabled
| #endif
| 
| int
| main (void)
| {
| 
|   ;
|   return 0;
| }
configure:8356: result: no
configure:8463: checking for m4
configure:8486: found /usr/bin/m4
configure:8499: result: /usr/bin/m4
configure:8722: checking for library containing clock_gettime
configure:8752: gcc -o conftest -g -O2   conftest.c -lgmp  >&5
configure:8752: $? = 0
configure:8772: result: none required
configure:8915: creating ./config.status

## ---------------------- ##
## Running config.status. ##
## ---------------------- ##

This file was extended by nettle config.status 3.10.2, which was
generated by GNU Autoconf 2.71.  Invocation command line was

  CONFIG_FILES    = 
  CONFIG_HEADERS  = 
  CONFIG_LINKS    = 
  CONFIG_COMMANDS = 
  $ ./config.status 

on motherbase

config.status:943: creating config.make
config.status:943: creating config.m4
config.status:943: creating Makefile
config.status:943: creating version.h
config.status:943: creating tools/Makefile
config.status:943: creating testsuite/Makefile
config.status:943: creating examples/Makefile
config.status:943: creating nettle.pc
config.status:943: creating hogweed.pc
config.status:943: creating libnettle.map
config.status:943: creating libhogweed.map
config.status:943: creating config.h
config.status:1150: linking x86_64/aes-encrypt-internal.asm to aes-encrypt-internal.asm
config.status:1150: linking x86_64/aes-decrypt-internal.asm to aes-decrypt-internal.asm
config.status:1150: linking x86_64/camellia-crypt-internal.asm to camellia-crypt-internal.asm
config.status:1150: linking x86_64/fat/memxor.asm to memxor.asm
config.status:1150: linking x86_64/memxor3.asm to memxor3.asm
config.status:1150: linking x86_64/fat/ghash-update.asm to ghash-update.asm
config.status:1150: linking x86_64/poly1305-internal.asm to poly1305-internal.asm
config.status:1150: linking x86_64/chacha-core-internal.asm to chacha-core-internal.asm
config.status:1150: linking x86_64/salsa20-core-internal.asm to salsa20-core-internal.asm
config.status:1150: linking x86_64/serpent-encrypt.asm to serpent-encrypt.asm
config.status:1150: linking x86_64/serpent-decrypt.asm to serpent-decrypt.asm
config.status:1150: linking x86_64/fat/sha1-compress.asm to sha1-compress.asm
config.status:1150: linking x86_64/fat/sha256-compress-n.asm to sha256-compress-n.asm
config.status:1150: linking x86_64/sha512-compress.asm to sha512-compress.asm
config.status:1150: linking x86_64/sha3-permute.asm to sha3-permute.asm
config.status:1150: linking x86_64/umac-nh.asm to umac-nh.asm
config.status:1150: linking x86_64/umac-nh-n.asm to umac-nh-n.asm
config.status:1150: linking x86_64/machine.m4 to machine.m4
config.status:1150: linking x86_64/fat/cpuid.asm to cpuid.asm
config.status:1150: linking x86_64/fat/memxor-2.asm to memxor-2.asm
config.status:1150: linking x86_64/fat/aes128-encrypt-2.asm to aes128-encrypt-2.asm
config.status:1150: linking x86_64/fat/aes128-decrypt-2.asm to aes128-decrypt-2.asm
config.status:1150: linking x86_64/fat/aes192-encrypt-2.asm to aes192-encrypt-2.asm
config.status:1150: linking x86_64/fat/aes192-decrypt-2.asm to aes192-decrypt-2.asm
config.status:1150: linking x86_64/fat/aes256-encrypt-2.asm to aes256-encrypt-2.asm
config.status:1150: linking x86_64/fat/aes256-decrypt-2.asm to aes256-decrypt-2.asm
config.status:1150: linking x86_64/fat/cbc-aes128-encrypt-2.asm to cbc-aes128-encrypt-2.asm
config.status:1150: linking x86_64/fat/cbc-aes192-encrypt-2.asm to cbc-aes192-encrypt-2.asm
config.status:1150: linking x86_64/fat/cbc-aes256-encrypt-2.asm to cbc-aes256-encrypt-2.asm
config.status:1150: linking x86_64/poly1305-blocks.asm to poly1305-blocks.asm
config.status:1150: linking x86_64/fat/ghash-set-key-2.asm to ghash-set-key-2.asm
config.status:1150: linking x86_64/fat/ghash-update-2.asm to ghash-update-2.asm
config.status:1150: linking x86_64/salsa20-2core.asm to salsa20-2core.asm
config.status:1150: linking x86_64/fat/sha1-compress-2.asm to sha1-compress-2.asm
config.status:1150: linking x86_64/fat/sha256-compress-n-2.asm to sha256-compress-n-2.asm
config.status:1150: linking x86_64/ecc-secp192r1-modp.asm to ecc-secp192r1-modp.asm
config.status:1150: linking x86_64/ecc-secp224r1-modp.asm to ecc-secp224r1-modp.asm
config.status:1150: linking x86_64/ecc-secp256r1-redc.asm to ecc-secp256r1-redc.asm
config.status:1150: linking x86_64/ecc-secp384r1-modp.asm to ecc-secp384r1-modp.asm
config.status:1150: linking x86_64/ecc-secp521r1-modp.asm to ecc-secp521r1-modp.asm
config.status:1150: linking x86_64/ecc-curve25519-modp.asm to ecc-curve25519-modp.asm
config.status:1150: linking x86_64/ecc-curve448-modp.asm to ecc-curve448-modp.asm
configure:10131: summary of build options:

  Version:           nettle 3.10.2
  Host type:         x86_64-pc-linux-gnu
  ABI:               64
  Assembly files:    x86_64/fat x86_64
  Install prefix:    /usr/local
  Library directory: /usr/local/lib
  Compiler:          gcc
  Static libraries:  yes
  Shared libraries:  no
  Public key crypto: yes
  Using mini-gmp:    no
  Documentation:     no


## ---------------- ##
## Cache variables. ##
## ---------------- ##

ac_cv_build=x86_64-pc-linux-gnu
ac_cv_c_bigendian=no
ac_cv_c_compiler_gnu=yes
ac_cv_c_const=yes
ac_cv_c_inline=inline
ac_cv_cxx_compiler_gnu=yes
ac_cv_env_ASM_FLAGS_set=
ac_cv_env_ASM_FLAGS_value=
ac_cv_env_CCC_set=
ac_cv_env_CCC_value=
ac_cv_env_CC_FOR_BUILD_set=
ac_cv_env_CC_FOR_BUILD_value=
ac_cv_env_CC_set=
ac_cv_env_CC_value=
ac_cv_env_CFLAGS_set=
ac_cv_env_CFLAGS_value=
ac_cv_env_CPPFLAGS_set=
ac_cv_env_CPPFLAGS_value=
ac_cv_env_CPP_set=
ac_cv_env_CPP_value=
ac_cv_env_CXXFLAGS_set=
ac_cv_env_CXXFLAGS_value=
ac_cv_env_CXX_set=
ac_cv_env_CXX_value=
ac_cv_env_LDFLAGS_set=
ac_cv_env_LDFLAGS_value=
ac_cv_env_LIBS_set=
ac_cv_env_LIBS_value=
ac_cv_env_build_alias_set=
ac_cv_env_build_alias_value=
ac_cv_env_host_alias_set=
ac_cv_env_host_alias_value=
ac_cv_env_target_alias_set=
ac_cv_env_target_alias_value=
ac_cv_func_alloca_works=yes
ac_cv_func_elf_aux_info=no
ac_cv_func_getline=yes
ac_cv_func_secure_getenv=yes
ac_cv_header_dlfcn_h=yes
ac_cv_header_inttypes_h=yes
ac_cv_header_malloc_h=yes
ac_cv_header_openssl_evp_h=no
ac_cv_header_stdint_h=yes
ac_cv_header_stdio_h=yes
ac_cv_header_stdlib_h=yes
ac_cv_header_string_h=yes
ac_cv_header_strings_h=yes
ac_cv_header_sys_stat_h=yes
ac_cv_header_sys_types_h=yes
ac_cv_header_unistd_h=yes
ac_cv_header_valgrind_memcheck_h=no
ac_cv_host=x86_64-pc-linux-gnu
ac_cv_lib_dl_dlopen=yes
ac_cv_lib_gmp___gmpn_zero_p=yes
ac_cv_objext=o
ac_cv_path_EGREP='/usr/bin/grep -E'
ac_cv_path_GREP=/usr/bin/grep
ac_cv_path_M4=/usr/bin/m4
ac_cv_path_install='/usr/bin/install -c'
ac_cv_path_mkdir=/usr/bin/mkdir
ac_cv_prog_CPP='gcc -E'
ac_cv_prog_ac_ct_AR=ar
ac_cv_prog_ac_ct_CC=gcc
ac_cv_prog_ac_ct_CXX=g++
ac_cv_prog_ac_ct_NM=nm
ac_cv_prog_ac_ct_OBJDUMP=objdump
ac_cv_prog_ac_ct_RANLIB=ranlib
ac_cv_prog_cc_c11=
ac_cv_prog_cc_g=yes
ac_cv_prog_cc_stdc=
ac_cv_prog_cxx_cxx11=
ac_cv_prog_cxx_g=yes
ac_cv_prog_cxx_stdcxx=
ac_cv_prog_make_make_set=yes
ac_cv_search_clock_gettime='none required'
ac_cv_sizeof_long=8
ac_cv_sizeof_size_t=8
ac_cv_type_size_t=yes
ac_cv_type_uid_t=yes
ac_cv_working_alloca_h=yes
gmp_cv_prog_exeext_for_build=
lsh_cv_c_attribute=yes
lsh_cv_sys_ccpic=-fpic
nettle_cv_asm_align_log=no
nettle_cv_asm_coff_type=no
nettle_cv_asm_gnu_stack=yes
nettle_cv_asm_type_hash_function=no
nettle_cv_asm_type_percent_function=yes
nettle_cv_asm_underscore=no
nettle_cv_asm_x86_gnu_property=no
nettle_cv_asm_x86_intel_cet=no
nettle_cv_c_builtin_bswap64=yes
nettle_cv_fcntl_locking=yes
nettle_cv_gmp_numb_bits=64
nettle_cv_link_ifunc=yes
nettle_cv_prog_valgrind=no

## ----------------- ##
## Output variables. ##
## ----------------- ##

ALLOCA=''
AR='ar'
ASM_ALIGN_LOG='no'
ASM_COFF_STYLE='no'
ASM_ELF_STYLE='yes'
ASM_FLAGS=''
ASM_MARK_NOEXEC_STACK='.section .note.GNU-stack,"",TYPE_PROGBITS'
ASM_PPC_WANT_R_REGISTERS='n/a'
ASM_RODATA='.section .rodata'
ASM_SYMBOL_PREFIX=''
ASM_TYPE_FUNCTION='%function'
ASM_TYPE_PROGBITS='%progbits'
ASM_WORDS_BIGENDIAN='no'
ASM_X86_ENDBR=''
ASM_X86_MARK_CET=''
ASM_X86_MARK_CET_ALIGN=''
BENCH_LIBS='-lgmp '
CC='gcc'
CCPIC='-fpic'
CC_FOR_BUILD='gcc -O -g'
CFLAGS='-g -O2 -ggdb3 -Wall -W -Wno-sign-compare   -Wmissing-prototypes -Wmissing-declarations -Wstrict-prototypes   -Wpointer-arith -Wbad-function-cast -Wnested-externs'
CPP='gcc -E'
CPPFLAGS=''
CXX='g++'
CXXFLAGS='-g -O2'
DEFS='-DHAVE_CONFIG_H'
DEP_FLAGS='-MT $@ -MD -MP -MF $@.d'
DEP_PROCESS='true'
ECHO_C=''
ECHO_N='-n'
ECHO_T=''
EGREP='/usr/bin/grep -E'
ELFV2_ABI='no'
EMULATOR=''
EXEEXT=''
EXEEXT_FOR_BUILD=''
EXTRA_HOGWEED_LINKER_FLAGS='-Wl,--version-script=libhogweed.map'
EXTRA_LINKER_FLAGS='-Wl,--version-script=libnettle.map'
FAT_TEST_LIST='vendor:intel vendor:amd'
GMP_NUMB_BITS='n/a'
GREP='/usr/bin/grep'
HOGWEED_EXTRA_SYMBOLS=''
IF_ASM=''
IF_CXX=''
IF_DLL='#'
IF_DLOPEN_TEST='#'
IF_DOCUMENTATION='#'
IF_HOGWEED=''
IF_MINI_GMP='#'
IF_NOT_SHARED=''
IF_SHARED='#'
IF_STATIC=''
IF_VALGRIND='#'
INSTALL_DATA='${INSTALL} -m 644'
INSTALL_PROGRAM='${INSTALL}'
INSTALL_SCRIPT='${INSTALL}'
LDFLAGS=''
LIBHOGWEED_FILE='$(LIBHOGWEED_SONAME).$(LIBHOGWEED_MINOR)'
LIBHOGWEED_FILE_SRC='$(LIBHOGWEED_FORLINK)'
LIBHOGWEED_FORLINK='libhogweed.so'
LIBHOGWEED_LIBS='libnettle.so $(LIBS)'
LIBHOGWEED_LINK='$(CC) $(CFLAGS) $(LDFLAGS) -shared -Wl,-soname=$(LIBHOGWEED_SONAME)'
LIBHOGWEED_MAJOR='6'
LIBHOGWEED_MINOR='11'
LIBHOGWEED_SONAME='$(LIBHOGWEED_FORLINK).$(LIBHOGWEED_MAJOR)'
LIBNETTLE_FILE='$(LIBNETTLE_SONAME).$(LIBNETTLE_MINOR)'
LIBNETTLE_FILE_SRC='$(LIBNETTLE_FORLINK)'
LIBNETTLE_FORLINK='libnettle.so'
LIBNETTLE_LIBS=''
LIBNETTLE_LINK='$(CC) $(CFLAGS) $(LDFLAGS) -shared -Wl,-soname=$(LIBNETTLE_SONAME)'
LIBNETTLE_MAJOR='8'
LIBNETTLE_MINOR='11'
LIBNETTLE_SONAME='$(LIBNETTLE_FORLINK).$(LIBNETTLE_MAJOR)'
LIBOBJS=''
LIBS='-lgmp '
LN_S='ln -s'
LTLIBOBJS=''
M4='/usr/bin/m4'
MAJOR_VERSION='3'
MAKEINFO=''
MINOR_VERSION='10'
MKDIR_P='/usr/bin/mkdir -p'
NETTLE_USE_MINI_GMP='0'
NM='nm'
NUMB_BITS='64'
OBJDUMP='objdump'
OBJEXT='o'
OPENSSL_LIBFLAGS=''
OPT_HOGWEED_OBJS=' ecc-secp192r1-modp.$(OBJEXT) ecc-secp224r1-modp.$(OBJEXT) ecc-secp256r1-redc.$(OBJEXT) ecc-secp384r1-modp.$(OBJEXT) ecc-secp521r1-modp.$(OBJEXT) ecc-curve25519-modp.$(OBJEXT) ecc-curve448-modp.$(OBJEXT)'
OPT_NETTLE_OBJS=' cpuid.$(OBJEXT) memxor-2.$(OBJEXT) aes128-encrypt-2.$(OBJEXT) aes128-decrypt-2.$(OBJEXT) aes192-encrypt-2.$(OBJEXT) aes192-decrypt-2.$(OBJEXT) aes256-encrypt-2.$(OBJEXT) aes256-decrypt-2.$(OBJEXT) cbc-aes128-encrypt-2.$(OBJEXT) cbc-aes192-encrypt-2.$(OBJEXT) cbc-aes256-encrypt-2.$(OBJEXT) poly1305-blocks.$(OBJEXT) ghash-set-key-2.$(OBJEXT) ghash-update-2.$(OBJEXT) salsa20-2core.$(OBJEXT) sha1-compress-2.$(OBJEXT) sha256-compress-n-2.$(OBJEXT)'
OPT_NETTLE_SOURCES='fat-x86_64.c '
PACKAGE_BUGREPORT='nettle-bugs@lists.lysator.liu.se'
PACKAGE_NAME='nettle'
PACKAGE_STRING='nettle 3.10.2'
PACKAGE_TARNAME='nettle'
PACKAGE_URL=''
PACKAGE_VERSION='3.10.2'
PATH_SEPARATOR=':'
RANLIB='ranlib'
SET_MAKE=''
SHELL='/bin/bash'
W64_ABI='no'
ac_ct_CC='gcc'
ac_ct_CXX='g++'
bindir='${exec_prefix}/bin'
build='x86_64-pc-linux-gnu'
build_alias=''
build_cpu='x86_64'
build_os='linux-gnu'
build_vendor='pc'
datadir='${datarootdir}'
datarootdir='${prefix}/share'
docdir='${datarootdir}/doc/${PACKAGE_TARNAME}'
dvidir='${docdir}'
exec_prefix='${prefix}'
host='x86_64-pc-linux-gnu'
host_alias=''
host_cpu='x86_64'
host_os='linux-gnu'
host_vendor='pc'
htmldir='${docdir}'
includedir='${prefix}/include'
infodir='${datarootdir}/info'
libdir='/usr/local/lib'
libexecdir='${exec_prefix}/libexec'
localedir='${datarootdir}/locale'
localstatedir='${prefix}/var'
mandir='${datarootdir}/man'
oldincludedir='/usr/include'
pdfdir='${docdir}'
prefix='/usr/local'
program_transform_name='s,x,x,'
psdir='${docdir}'
runstatedir='${localstatedir}/run'
sbindir='${exec_prefix}/sbin'
sharedstatedir='${prefix}/com'
sysconfdir='${prefix}/etc'
target_alias=''

## ----------- ##
## confdefs.h. ##
## ----------- ##

/* confdefs.h */
#define PACKAGE_NAME "nettle"
#define PACKAGE_TARNAME "nettle"
#define PACKAGE_VERSION "3.10.2"
#define PACKAGE_STRING "nettle 3.10.2"
#define PACKAGE_BUGREPORT "nettle-bugs@lists.lysator.liu.se"
#define PACKAGE_URL ""
#define HAVE_LINK_IFUNC 1
#define HAVE_STDIO_H 1
#define HAVE_STDLIB_H 1
#define HAVE_STRING_H 1
#define HAVE_INTTYPES_H 1
#define HAVE_STDINT_H 1
#define HAVE_STRINGS_H 1
#define HAVE_SYS_STAT_H 1
#define HAVE_SYS_TYPES_H 1
#define HAVE_UNISTD_H 1
#define STDC_HEADERS 1
#define SIZEOF_LONG 8
#define SIZEOF_SIZE_T 8
#define HAVE_DLFCN_H 1
#define HAVE_LIBDL 1
#define HAVE_ALLOCA_H 1
#define HAVE_ALLOCA 1
#define HAVE_MALLOC_H 1
#define HAVE_SECURE_GETENV 1
#define HAVE_GETLINE 1
#define HAVE_BUILTIN_BSWAP64 1
#define HAVE_GCC_ATTRIBUTE 1
#define HAVE_FCNTL_LOCKING 1
#define HAVE_LIBGMP 1
#define HAVE_NATIVE_cpuid 1
#define HAVE_NATIVE_ 1
#define HAVE_NATIVE_aes128_encrypt 1
#define HAVE_NATIVE_aes128_decrypt 1
#define HAVE_NATIVE_aes192_encrypt 1
#define HAVE_NATIVE_aes192_decrypt 1
#define HAVE_NATIVE_aes256_encrypt 1
#define HAVE_NATIVE_aes256_decrypt 1
#define HAVE_NATIVE_cbc_aes128_encrypt 1
#define HAVE_NATIVE_cbc_aes192_encrypt 1
#define HAVE_NATIVE_cbc_aes256_encrypt 1
#define HAVE_NATIVE_poly1305_blocks 1
#define HAVE_NATIVE_ghash_set_key 1
#define HAVE_NATIVE_ghash_update 1
#define HAVE_NATIVE_salsa20_2core 1
#define HAVE_NATIVE_ 1
#define HAVE_NATIVE_ 1
#define HAVE_NATIVE_ecc_secp192r1_modp 1
#define HAVE_NATIVE_ecc_secp224r1_modp 1
#define HAVE_NATIVE_ecc_secp256r1_redc 1
#define HAVE_NATIVE_ecc_secp384r1_modp 1
#define HAVE_NATIVE_ecc_secp521r1_modp 1
#define HAVE_NATIVE_ecc_curve25519_modp 1
#define HAVE_NATIVE_ecc_curve448_modp 1
#define WITH_HOGWEED 1
#define HAVE_CLOCK_GETTIME 1

configure: exit 0

## ---------------------- ##
## Running config.status. ##
## ---------------------- ##

This file was extended by nettle config.status 3.10.2, which was
generated by GNU Autoconf 2.71.  Invocation command line was

  CONFIG_FILES    = 
  CONFIG_HEADERS  = 
  CONFIG_LINKS    = 
  CONFIG_COMMANDS = 
  $ ./config.status config.h

on motherbase

config.status:943: creating config.h
config.status:1124: config.h is unchanged
